<?xml version="1.0" encoding="UTF-8"?>
<testsuite name="CommentServiceTest" tests="5" skipped="0" failures="0" errors="0" timestamp="2021-01-20T13:38:09" hostname="USER-PC" time="0.01">
  <properties/>
  <testcase name="delete" classname="CommentServiceTest" time="0.009"/>
  <testcase name="add" classname="CommentServiceTest" time="0.0"/>
  <testcase name="get" classname="CommentServiceTest" time="0.0"/>
  <testcase name="edit" classname="CommentServiceTest" time="0.0"/>
  <testcase name="restore" classname="CommentServiceTest" time="0.0"/>
  <system-out><![CDATA[]]></system-out>
  <system-err><![CDATA[]]></system-err>
</testsuite>
